install completed in 0s 49ms
> hvigor UP-TO-DATE :entry:default@CangjiePreBuild...  
> hvigor Disabled :entry:default@PreBuild... 
> hvigor UP-TO-DATE :entry:default@GenerateCangjieResource...  
> hvigor Finished :entry:default@GenerateTomlDependencies... after 8 ms 
> hvigor Finished :entry:SyncCangjieResource... after 1 ms 
> hvigor BUILD SUCCESSFUL in 2 s 654 ms 
> hvigor UP-TO-DATE :entry:default@CangjiePreBuild...  
> hvigor Disabled :entry:default@PreBuild... 
> hvigor Finished :entry:default@CreateModuleInfo... after 1 ms 
> hvigor UP-TO-DATE :entry:default@GenerateMetadata...  
> hvigor Finished :entry:default@ConfigureCmake... after 1 ms 
> hvigor UP-TO-DATE :entry:default@MergeProfile...  
> hvigor UP-TO-DATE :entry:default@CreateBuildProfile...  
> hvigor Finished :entry:default@PreCheckSyscap... after 1 ms 
> hvigor UP-TO-DATE :entry:default@GeneratePkgContextInfo...  
> hvigor Finished :entry:default@ProcessIntegratedHsp... after 1 ms 
> hvigor UP-TO-DATE :entry:default@GenerateCangjieResource...  
> hvigor Finished :entry:default@BuildNativeWithCmake... after 1 ms 
> hvigor UP-TO-DATE :entry:default@MakePackInfo...  
> hvigor Finished :entry:default@SyscapTransform... after 13 ms 
> hvigor UP-TO-DATE :entry:default@ProcessProfile...  
> hvigor UP-TO-DATE :entry:default@ProcessRouterMap...  
> hvigor UP-TO-DATE :entry:default@ProcessShareConfig...  
> hvigor Finished :entry:default@ProcessStartupConfig... after 2 ms 
> hvigor Finished :entry:default@BuildNativeWithNinja... after 1 ms 
> hvigor UP-TO-DATE :entry:default@ProcessResource...  
> hvigor UP-TO-DATE :entry:default@GenerateLoaderJson...  
> hvigor UP-TO-DATE :entry:default@CompileResource...  
> hvigor Finished :entry:default@CompileArkTS... after 5 ms 
> hvigor Finished :entry:default@BuildJS... after 3 ms 
> hvigor WARN: Warning: field 'profile.build.combined' in '.\cjpm.toml' is experimental, it is unstable and has some limitations, please refer to related documentation for more details
> hvigor WARN: Warning: field 'profile.build.combined' in '.\cjpm.toml' is experimental, it is unstable and has some limitations, please refer to related documentation for more details
> hvigor Finished :entry:default@CompileCangjie... after 12 s 151 ms 
> hvigor Finished :entry:default@ProcessLibs... after 23 ms 
> hvigor Finished :entry:default@MoveCangjieLibs... after 10 ms 
> hvigor Finished :entry:default@ProcessCangjieLibs... after 3 ms 
> hvigor Finished :entry:default@DoNativeStrip... after 84 ms 
> hvigor Finished :entry:default@AfterCompileCangjie... after 6 ms 
> hvigor Finished :entry:default@CacheNativeLibs... after 7 ms 
> hvigor UP-TO-DATE :entry:default@GeneratePkgModuleJson...  
> hvigor Finished :entry:default@ProcessCompiledResources... after 1 ms 
> hvigor Finished :entry:default@PackageHap... after 49 ms 
> hvigor Finished :entry:default@PackingCheck... after 6 ms 
> hvigor Finished :entry:default@SignHap... after 1 s 776 ms 
> hvigor Finished :entry:default@CollectDebugSymbol... after 1 ms 
> hvigor Finished :entry:assembleHap... after 1 ms 
> hvigor BUILD SUCCESSFUL in 18 s 410 ms 
